==25735== Memcheck, a memory error detector
==25735== Copyright (C) 2002-2022, and GNU GPL'd, by Julian Seward et al.
==25735== Using Valgrind-3.22.0 and LibVEX; rerun with -h for copyright info
==25735== Command: ./a.out
==25735== Parent PID: 4741
==25735== 
==25735== Invalid read of size 8
==25735==    at 0x109553: HashMap<int, int>::~HashMap() (in /home/hadi/CLionProjects/mahsan/hashmap/a.out)
==25735==    by 0x1093B6: main (in /home/hadi/CLionProjects/mahsan/hashmap/a.out)
==25735==  Address 0x51cc040 is 0 bytes inside a block of size 8,000,000 free'd
==25735==    at 0x484E46F: operator delete[](void*) (vg_replace_malloc.c:1330)
==25735==    by 0x1095BD: HashMap<int, int>::~HashMap() (in /home/hadi/CLionProjects/mahsan/hashmap/a.out)
==25735==    by 0x1093AA: main (in /home/hadi/CLionProjects/mahsan/hashmap/a.out)
==25735==  Block was alloc'd at
==25735==    at 0x484A703: operator new[](unsigned long) (vg_replace_malloc.c:725)
==25735==    by 0x1094CA: HashMap<int, int>::HashMap() (in /home/hadi/CLionProjects/mahsan/hashmap/a.out)
==25735==    by 0x1092B0: main (in /home/hadi/CLionProjects/mahsan/hashmap/a.out)
==25735== 
==25735== Invalid read of size 8
==25735==    at 0x109848: Bucket<int, int>::getNext() const (in /home/hadi/CLionProjects/mahsan/hashmap/a.out)
==25735==    by 0x109567: HashMap<int, int>::~HashMap() (in /home/hadi/CLionProjects/mahsan/hashmap/a.out)
==25735==    by 0x1093B6: main (in /home/hadi/CLionProjects/mahsan/hashmap/a.out)
==25735==  Address 0x4dde168 is 8 bytes inside a block of size 16 free'd
==25735==    at 0x484C91D: operator delete(void*, unsigned long) (vg_replace_malloc.c:1101)
==25735==    by 0x109581: HashMap<int, int>::~HashMap() (in /home/hadi/CLionProjects/mahsan/hashmap/a.out)
==25735==    by 0x1093AA: main (in /home/hadi/CLionProjects/mahsan/hashmap/a.out)
==25735==  Block was alloc'd at
==25735==    at 0x4848F75: operator new(unsigned long) (vg_replace_malloc.c:483)
==25735==    by 0x1096D8: HashMap<int, int>::set(int const&, int const&) (in /home/hadi/CLionProjects/mahsan/hashmap/a.out)
==25735==    by 0x10931F: main (in /home/hadi/CLionProjects/mahsan/hashmap/a.out)
==25735== 
==25735== Invalid free() / delete / delete[] / realloc()
==25735==    at 0x484C91D: operator delete(void*, unsigned long) (vg_replace_malloc.c:1101)
==25735==    by 0x109581: HashMap<int, int>::~HashMap() (in /home/hadi/CLionProjects/mahsan/hashmap/a.out)
==25735==    by 0x1093B6: main (in /home/hadi/CLionProjects/mahsan/hashmap/a.out)
==25735==  Address 0x4dde160 is 0 bytes inside a block of size 16 free'd
==25735==    at 0x484C91D: operator delete(void*, unsigned long) (vg_replace_malloc.c:1101)
==25735==    by 0x109581: HashMap<int, int>::~HashMap() (in /home/hadi/CLionProjects/mahsan/hashmap/a.out)
==25735==    by 0x1093AA: main (in /home/hadi/CLionProjects/mahsan/hashmap/a.out)
==25735==  Block was alloc'd at
==25735==    at 0x4848F75: operator new(unsigned long) (vg_replace_malloc.c:483)
==25735==    by 0x1096D8: HashMap<int, int>::set(int const&, int const&) (in /home/hadi/CLionProjects/mahsan/hashmap/a.out)
==25735==    by 0x10931F: main (in /home/hadi/CLionProjects/mahsan/hashmap/a.out)
==25735== 
==25735== Invalid free() / delete / delete[] / realloc()
==25735==    at 0x484E46F: operator delete[](void*) (vg_replace_malloc.c:1330)
==25735==    by 0x1095BD: HashMap<int, int>::~HashMap() (in /home/hadi/CLionProjects/mahsan/hashmap/a.out)
==25735==    by 0x1093B6: main (in /home/hadi/CLionProjects/mahsan/hashmap/a.out)
==25735==  Address 0x51cc040 is 0 bytes inside a block of size 8,000,000 free'd
==25735==    at 0x484E46F: operator delete[](void*) (vg_replace_malloc.c:1330)
==25735==    by 0x1095BD: HashMap<int, int>::~HashMap() (in /home/hadi/CLionProjects/mahsan/hashmap/a.out)
==25735==    by 0x1093AA: main (in /home/hadi/CLionProjects/mahsan/hashmap/a.out)
==25735==  Block was alloc'd at
==25735==    at 0x484A703: operator new[](unsigned long) (vg_replace_malloc.c:725)
==25735==    by 0x1094CA: HashMap<int, int>::HashMap() (in /home/hadi/CLionProjects/mahsan/hashmap/a.out)
==25735==    by 0x1092B0: main (in /home/hadi/CLionProjects/mahsan/hashmap/a.out)
==25735== 
==25735== 
==25735== HEAP SUMMARY:
==25735==     in use at exit: 16 bytes in 1 blocks
==25735==   total heap usage: 6 allocs, 8 frees, 8,073,776 bytes allocated
==25735== 
==25735== 16 bytes in 1 blocks are definitely lost in loss record 1 of 1
==25735==    at 0x4848F75: operator new(unsigned long) (vg_replace_malloc.c:483)
==25735==    by 0x109666: HashMap<int, int>::set(int const&, int const&) (in /home/hadi/CLionProjects/mahsan/hashmap/a.out)
==25735==    by 0x1092D5: main (in /home/hadi/CLionProjects/mahsan/hashmap/a.out)
==25735== 
==25735== LEAK SUMMARY:
==25735==    definitely lost: 16 bytes in 1 blocks
==25735==    indirectly lost: 0 bytes in 0 blocks
==25735==      possibly lost: 0 bytes in 0 blocks
==25735==    still reachable: 0 bytes in 0 blocks
==25735==         suppressed: 0 bytes in 0 blocks
==25735== 
==25735== For lists of detected and suppressed errors, rerun with: -s
==25735== ERROR SUMMARY: 1000006 errors from 5 contexts (suppressed: 0 from 0)
